INFO - (26/05/2024 18:19:20): BEGIN (implicit) (line 2699) [base.py]
INFO - (26/05/2024 18:19:20): PRAGMA main.table_info("users") (line 1846) [base.py]
INFO - (26/05/2024 18:19:20): [raw sql] () (line 1846) [base.py]
INFO - (26/05/2024 18:19:20): PRAGMA temp.table_info("users") (line 1846) [base.py]
INFO - (26/05/2024 18:19:20): [raw sql] () (line 1846) [base.py]
INFO - (26/05/2024 18:19:20): PRAGMA main.table_info("lawyers") (line 1846) [base.py]
INFO - (26/05/2024 18:19:20): [raw sql] () (line 1846) [base.py]
INFO - (26/05/2024 18:19:20): PRAGMA temp.table_info("lawyers") (line 1846) [base.py]
INFO - (26/05/2024 18:19:20): [raw sql] () (line 1846) [base.py]
INFO - (26/05/2024 18:19:20): 
CREATE TABLE users (
	id INTEGER NOT NULL, 
	telegram_id BIGINT NOT NULL, 
	telegram_name VARCHAR(255) NOT NULL, 
	name VARCHAR(255) NOT NULL, 
	surname VARCHAR(255) NOT NULL, 
	middle_name VARCHAR(255) NOT NULL, 
	number VARCHAR(255) NOT NULL, 
	email VARCHAR(255) NOT NULL, 
	active INTEGER NOT NULL, 
	is_banned INTEGER NOT NULL, 
	user_coin INTEGER NOT NULL, 
	pay_status BOOLEAN NOT NULL, 
	created DATETIME NOT NULL, 
	updated DATETIME NOT NULL, 
	PRIMARY KEY (id)
)

 (line 1846) [base.py]
INFO - (26/05/2024 18:19:20): [no key 0.00312s] () (line 1846) [base.py]
INFO - (26/05/2024 18:19:20): 
CREATE TABLE lawyers (
	id INTEGER NOT NULL, 
	telegram_id BIGINT NOT NULL, 
	telegram_name VARCHAR(255) NOT NULL, 
	name VARCHAR(255) NOT NULL, 
	surname VARCHAR(255) NOT NULL, 
	middle_name VARCHAR(255) NOT NULL, 
	number VARCHAR(255) NOT NULL, 
	email VARCHAR(255) NOT NULL, 
	description TEXT NOT NULL, 
	short_description TEXT NOT NULL, 
	diplomas VARCHAR(255) NOT NULL, 
	experience VARCHAR(255) NOT NULL, 
	legal_services_section VARCHAR(255) NOT NULL, 
	photo VARCHAR(255) NOT NULL, 
	earnings FLOAT NOT NULL, 
	clients JSON NOT NULL, 
	active INTEGER NOT NULL, 
	is_banned INTEGER NOT NULL, 
	created DATETIME NOT NULL, 
	updated DATETIME NOT NULL, 
	PRIMARY KEY (id)
)

 (line 1846) [base.py]
INFO - (26/05/2024 18:19:20): [no key 0.00196s] () (line 1846) [base.py]
INFO - (26/05/2024 18:19:20): COMMIT (line 2705) [base.py]
INFO - (26/05/2024 18:19:25): BEGIN (implicit) (line 2699) [base.py]
INFO - (26/05/2024 18:19:25): SELECT users.id, users.telegram_id, users.telegram_name, users.name, users.surname, users.middle_name, users.number, users.email, users.active, users.is_banned, users.user_coin, users.pay_status, users.created, users.updated 
FROM users 
WHERE users.telegram_id = ? (line 1846) [base.py]
INFO - (26/05/2024 18:19:25): [generated in 0.00098s] (6432327874,) (line 1846) [base.py]
INFO - (26/05/2024 18:19:25): ROLLBACK (line 2702) [base.py]
ERROR - (26/05/2024 18:19:37): Некорректный номер телефона: Номер телефона должен состоять из 11 цифр. Попробуйте ещё раз. (line 84) [user.py]
ERROR - (26/05/2024 18:19:38): Некорректный номер телефона: Номер телефона должен состоять из 11 цифр. Попробуйте ещё раз. (line 84) [user.py]
ERROR - (26/05/2024 18:19:46): Некорректный email (line 114) [user.py]
INFO - (26/05/2024 18:19:51): BEGIN (implicit) (line 2699) [base.py]
INFO - (26/05/2024 18:19:51): INSERT INTO users (telegram_id, telegram_name, name, surname, middle_name, number, email, active, is_banned, user_coin, pay_status, created, updated) VALUES (?, ?, ?, ?, ?, ?, ?, ?, ?, ?, ?, CURRENT_TIMESTAMP, CURRENT_TIMESTAMP) RETURNING id, created, updated (line 1846) [base.py]
INFO - (26/05/2024 18:19:51): [generated in 0.00089s] (6432327874, '-', 'Иван', 'Коробкин', 'Коробкович', '73333333333', 'email@example.com', 1, 0, 0, 0) (line 1846) [base.py]
INFO - (26/05/2024 18:19:51): COMMIT (line 2705) [base.py]
